# TODO: failing tests
# behave:wysh_unicode: error: checksum mismatch (got 1473887148 321)
# behave:iconv_mbyte_base64-3: error: checksum mismatch (got 2220752689 506)
# behave:iconv_mbyte_base64-4: error: checksum mismatch (got 2311398702 1673)
SKIP_CHECK=1
